Release 11.4 - xst L.68 (nt)
Copyright (c) 1995-2009 Xilinx, Inc.  All rights reserved.
--> Parameter TMPDIR set to xst/projnav.tmp


Total REAL time to Xst completion: 0.00 secs
Total CPU time to Xst completion: 0.14 secs
 
--> Parameter xsthdpdir set to xst


Total REAL time to Xst completion: 0.00 secs
Total CPU time to Xst completion: 0.14 secs
 
--> Reading design: ModeSelect_sch.prj

TABLE OF CONTENTS
  1) Synthesis Options Summary
  2) HDL Compilation
  3) Design Hierarchy Analysis
  4) HDL Analysis
  5) HDL Synthesis
     5.1) HDL Synthesis Report
  6) Advanced HDL Synthesis
     6.1) Advanced HDL Synthesis Report
  7) Low Level Synthesis
  8) Partition Report
  9) Final Report

=========================================================================
*                      Synthesis Options Summary                        *
=========================================================================
---- Source Parameters
Input File Name                    : "ModeSelect_sch.prj"
Input Format                       : mixed
Ignore Synthesis Constraint File   : NO

---- Target Parameters
Output File Name                   : "ModeSelect_sch"
Output Format                      : NGC
Target Device                      : CoolRunner2 CPLDs

---- Source Options
Top Module Name                    : ModeSelect_sch
Automatic FSM Extraction           : YES
FSM Encoding Algorithm             : Auto
Safe Implementation                : No
Mux Extraction                     : YES
Resource Sharing                   : YES

---- Target Options
Add IO Buffers                     : YES
MACRO Preserve                     : YES
XOR Preserve                       : YES
Equivalent register Removal        : YES

---- General Options
Optimization Goal                  : Speed
Optimization Effort                : 1
Library Search Order               : ModeSelect_sch.lso
Keep Hierarchy                     : YES
Netlist Hierarchy                  : as_optimized
RTL Output                         : Yes
Hierarchy Separator                : /
Bus Delimiter                      : <>
Case Specifier                     : maintain
Verilog 2001                       : YES

---- Other Options
Clock Enable                       : YES
wysiwyg                            : NO

=========================================================================


=========================================================================
*                          HDL Compilation                              *
=========================================================================
Compiling vhdl file "//xeon/data/M2MProducts/M2M/Terminus_Family/Plug-in Modules/CF_Eval_Board/Firmware/PB2304Rx_HiZ/ModeSelect.vhd" in Library work.
WARNING:HDLParsers:3530 - Time stamp of file "//xeon/data/M2MProducts/M2M/Terminus_Family/Plug-in Modules/CF_Eval_Board/Firmware/PB2304Rx_HiZ/ModeSelect.vhd" is newer than current system time.
Entity <ModeSelect> compiled.
Entity <ModeSelect> (Architecture <Behavioral>) compiled.
Compiling vhdl file "//xeon/data/M2MProducts/M2M/Terminus_Family/Plug-in Modules/CF_Eval_Board/Firmware/PB2304Rx_HiZ/ModeSelect_sch.vhf" in Library work.
WARNING:HDLParsers:3530 - Time stamp of file "//xeon/data/M2MProducts/M2M/Terminus_Family/Plug-in Modules/CF_Eval_Board/Firmware/PB2304Rx_HiZ/ModeSelect_sch.vhf" is newer than current system time.
Entity <ModeSelect_sch> compiled.
Entity <ModeSelect_sch> (Architecture <BEHAVIORAL>) compiled.

=========================================================================
*                     Design Hierarchy Analysis                         *
=========================================================================
Analyzing hierarchy for entity <ModeSelect_sch> in library <work> (architecture <BEHAVIORAL>).

Analyzing hierarchy for entity <ModeSelect> in library <work> (architecture <Behavioral>).


=========================================================================
*                            HDL Analysis                               *
=========================================================================
Analyzing Entity <ModeSelect_sch> in library <work> (Architecture <BEHAVIORAL>).
Entity <ModeSelect_sch> analyzed. Unit <ModeSelect_sch> generated.

Analyzing Entity <ModeSelect> in library <work> (Architecture <Behavioral>).
INFO:Xst:1561 - "//xeon/data/M2MProducts/M2M/Terminus_Family/Plug-in Modules/CF_Eval_Board/Firmware/PB2304Rx_HiZ/ModeSelect.vhd" line 159: Mux is complete : default of case is discarded
Entity <ModeSelect> analyzed. Unit <ModeSelect> generated.


=========================================================================
*                           HDL Synthesis                               *
=========================================================================

Performing bidirectional port resolution...

Synthesizing Unit <ModeSelect>.
    Related source file is "//xeon/data/M2MProducts/M2M/Terminus_Family/Plug-in Modules/CF_Eval_Board/Firmware/PB2304Rx_HiZ/ModeSelect.vhd".
    Found 1-bit tristate buffer for signal <GSM_RTS>.
    Found 1-bit tristate buffer for signal <SERVICE_OUT>.
    Found 1-bit tristate buffer for signal <TRACE_LD_TX>.
    Found 1-bit tristate buffer for signal <TRACE_RX>.
    Found 1-bit tristate buffer for signal <GSM_TX>.
    Found 1-bit tristate buffer for signal <GSM_DTR>.
    Found 1-bit tristate buffer for signal <GSM_LD_RX>.
    Found 1-bit tristate buffer for signal <GPS_RX>.
    Found 1-bit tristate buffer for signal <GSM_LD_DCD>.
    Found 1-bit tristate buffer for signal <GSM_LD_RING>.
    Found 1-bit tristate buffer for signal <FORCEON_LD0>.
    Found 1-bit tristate buffer for signal <FORCEON_LD1>.
    Found 1-bit tristate buffer for signal <nFORCEOFF_LD0>.
    Found 1-bit tristate buffer for signal <nFORCEOFF_LD1>.
    Found 1-bit tristate buffer for signal <GPS_LD_TX>.
    Found 1-bit tristate buffer for signal <GSM_LD_CTS>.
    Found 1-bit tristate buffer for signal <GSM_LD_DSR>.
    Summary:
	inferred  17 Tristate(s).
Unit <ModeSelect> synthesized.


Synthesizing Unit <ModeSelect_sch>.
    Related source file is "//xeon/data/M2MProducts/M2M/Terminus_Family/Plug-in Modules/CF_Eval_Board/Firmware/PB2304Rx_HiZ/ModeSelect_sch.vhf".
Unit <ModeSelect_sch> synthesized.


=========================================================================
HDL Synthesis Report

Macro Statistics
# Tristates                                            : 17
 1-bit tristate buffer                                 : 17

=========================================================================

=========================================================================
*                       Advanced HDL Synthesis                          *
=========================================================================


=========================================================================
Advanced HDL Synthesis Report

Found no macro
=========================================================================

=========================================================================
*                         Low Level Synthesis                           *
=========================================================================
WARNING:Xst:1348 - Unit ModeSelect is merged (output interface has tristates)

Optimizing unit <ModeSelect_sch> ...

=========================================================================
*                           Partition Report                            *
=========================================================================

Partition Implementation Status
-------------------------------

  No Partitions were found in this design.

-------------------------------

=========================================================================
*                            Final Report                               *
=========================================================================
Final Results
RTL Top Level Output File Name     : ModeSelect_sch.ngr
Top Level Output File Name         : ModeSelect_sch
Output Format                      : NGC
Optimization Goal                  : Speed
Keep Hierarchy                     : YES
Target Technology                  : CoolRunner2 CPLDs
Macro Preserve                     : YES
XOR Preserve                       : YES
Clock Enable                       : YES
wysiwyg                            : NO

Design Statistics
# IOs                              : 32

Cell Usage :
# BELS                             : 9
#      AND2                        : 4
#      INV                         : 2
#      OR2                         : 2
#      VCC                         : 1
# IO Buffers                       : 32
#      IBUF                        : 15
#      OBUFE                       : 17
=========================================================================


Total REAL time to Xst completion: 7.00 secs
Total CPU time to Xst completion: 7.36 secs
 
--> 

Total memory usage is 134768 kilobytes

Number of errors   :    0 (   0 filtered)
Number of warnings :    3 (   0 filtered)
Number of infos    :    1 (   0 filtered)

